<?xml version="1.0" encoding="UTF-8"?>
<!-- Generated by org.testng.reporters.JUnitReportReporter -->
<testsuite skipped="0" hostname="Biren" name="pageExecution.PageExecution" tests="2" failures="0" timestamp="2021-06-26T01:32:24 IST" time="10.854" errors="0">
  <testcase name="loginPageExecution" time="0.278" classname="pageExecution.PageExecution"/>
  <system-out/>
  <testcase name="landingpageExecution" time="10.576" classname="pageExecution.PageExecution"/>
  <system-out/>
</testsuite> <!-- pageExecution.PageExecution -->
