<?xml version="1.0" encoding="UTF-8"?>
<!-- Generated by org.testng.reporters.JUnitReportReporter -->
<testsuite hostname="Biren" failures="0" tests="1" name="Maven.Base" time="16.030" errors="0" timestamp="2021-06-24T00:58:05 IST" skipped="0">
  <testcase classname="Maven.Base" name="initializeDriver" time="16.030"/>
  <system-out/>
</testsuite> <!-- Maven.Base -->
